{
  "stats": {
    "suites": 1,
    "tests": 1,
    "passes": 1,
    "pending": 0,
    "failures": 0,
    "start": "2023-03-16T10:48:04.781Z",
    "end": "2023-03-16T10:49:18.847Z",
    "duration": 74066,
    "testsRegistered": 1,
    "passPercent": 100,
    "pendingPercent": 0,
    "other": 0,
    "hasOther": false,
    "skipped": 0,
    "hasSkipped": false
  },
  "results": [
    {
      "uuid": "b8b38676-67c8-4db0-9ae7-4fb2945c421e",
      "title": "",
      "fullFile": "cypress\\e2e\\TestCases\\Myaccount.cy.js",
      "file": "cypress\\e2e\\TestCases\\Myaccount.cy.js",
      "beforeHooks": [],
      "afterHooks": [],
      "tests": [],
      "suites": [
        {
          "uuid": "7a6c20b1-81ae-48b0-ae4e-6773d5275d15",
          "title": "My Accounts section",
          "fullFile": "",
          "file": "",
          "beforeHooks": [],
          "afterHooks": [],
          "tests": [
            {
              "title": "Accounts and password",
              "fullTitle": "My Accounts section Accounts and password",
              "timedOut": null,
              "duration": 71433,
              "state": "passed",
              "speed": "slow",
              "pass": true,
              "fail": false,
              "pending": false,
              "context": null,
              "code": "cy.login();\nconst ma = new _MyAccounts.default();\nma.Accounts(\"account2023-16@test.com\", \"James\", \"Jones\", \"0236589778\");\nma.ChangePassword(\"Kit@12345678\", \"Kit@12345678\", \"Kit@12345678\");\ncy.logout();",
              "err": {},
              "uuid": "cb345aa7-54ec-4e07-9457-26d3e4b59f63",
              "parentUUID": "7a6c20b1-81ae-48b0-ae4e-6773d5275d15",
              "isHook": false,
              "skipped": false
            }
          ],
          "suites": [],
          "passes": [
            "cb345aa7-54ec-4e07-9457-26d3e4b59f63"
          ],
          "failures": [],
          "pending": [],
          "skipped": [],
          "duration": 71433,
          "root": false,
          "rootEmpty": false,
          "_timeout": 2000
        }
      ],
      "passes": [],
      "failures": [],
      "pending": [],
      "skipped": [],
      "duration": 0,
      "root": true,
      "rootEmpty": true,
      "_timeout": 2000
    }
  ],
  "meta": {
    "mocha": {
      "version": "7.0.1"
    },
    "mochawesome": {
      "options": {
        "quiet": false,
        "reportFilename": "mochawesome",
        "saveHtml": false,
        "saveJson": true,
        "consoleReporter": "spec",
        "useInlineDiffs": false,
        "code": true
      },
      "version": "7.1.3"
    },
    "marge": {
      "options": {
        "reportDir": "reports",
        "overwrite": false,
        "html": false,
        "json": true
      },
      "version": "6.2.0"
    }
  }
}