{
  "stats": {
    "suites": 1,
    "tests": 6,
    "passes": 2,
    "pending": 0,
    "failures": 4,
    "start": "2023-03-16T15:36:16.547Z",
    "end": "2023-03-16T15:44:40.625Z",
    "duration": 504078,
    "testsRegistered": 20,
    "passPercent": 10,
    "pendingPercent": 0,
    "other": 1,
    "hasOther": true,
    "skipped": 14,
    "hasSkipped": true
  },
  "results": [
    {
      "uuid": "5f9d216c-c51b-4e7b-a7a6-c79f4ea9523f",
      "title": "",
      "fullFile": "cypress\\e2e\\TestCases\\Regressionsuite.cy.js",
      "file": "cypress\\e2e\\TestCases\\Regressionsuite.cy.js",
      "beforeHooks": [],
      "afterHooks": [],
      "tests": [],
      "suites": [
        {
          "uuid": "57a0ac6c-d1e8-4d71-afa2-ec74641913e7",
          "title": "Regression suite",
          "fullFile": "",
          "file": "",
          "beforeHooks": [],
          "afterHooks": [],
          "tests": [
            {
              "title": "My companies",
              "fullTitle": "Regression suite My companies",
              "timedOut": null,
              "duration": 31638,
              "state": "failed",
              "speed": null,
              "pass": false,
              "fail": true,
              "pending": false,
              "context": "{\n  \"title\": \"cypress-mochawesome-reporter-screenshots\",\n  \"value\": [\n    [\n      {\n        \"title\": \"Failed screenshot\",\n        \"value\": \"\\\\Regressionsuite.cy.js\\\\Regression suite -- My companies (failed).png\"\n      }\n    ]\n  ]\n}",
              "code": "const mc = new _Mycompanies.default();\nmc.Comp();\nmc.Verifyrowsandcolumn();\nmc.checkcelldata();\nmc.SelectCompany();\nmc.Alerts();\nmc.Row();\nmc.Companysearch(\"Basket Case\");\nmc.switchview(\"Ridgeway University\");",
              "err": {
                "message": "AssertionError: Timed out retrying after 4000ms: Expected to find element: `//div[@class=\"flex-table row knowitRow rowClickable ng-star-inserted\"]`, but never found it.",
                "estack": "AssertionError: Timed out retrying after 4000ms: Expected to find element: `//div[@class=\"flex-table row knowitRow rowClickable ng-star-inserted\"]`, but never found it.\n    at mycomp.Verifyrowsandcolumn (webpack:///./cypress/e2e/PageObjects/Mycompanies.cy.js:17:85)\n    at Context.eval (webpack:///./cypress/e2e/TestCases/Regressionsuite.cy.js:41:5)",
                "diff": null
              },
              "uuid": "b7d90a04-7d24-4d4c-8b49-7b81176c0c14",
              "parentUUID": "57a0ac6c-d1e8-4d71-afa2-ec74641913e7",
              "isHook": false,
              "skipped": false
            },
            {
              "title": "Global Dashboard data test",
              "fullTitle": "Regression suite Global Dashboard data test",
              "timedOut": null,
              "duration": 236545,
              "state": "passed",
              "speed": "slow",
              "pass": true,
              "fail": false,
              "pending": false,
              "context": null,
              "code": "const gd = new _GlobDashboard.default();\ngd.MainDashboard();\ngd.Calendar();\ngd.Checkit();\ngd.chaseit();\ngd.collectit();",
              "err": {},
              "uuid": "efa7e5aa-03e2-403c-b945-71ff58da7055",
              "parentUUID": "57a0ac6c-d1e8-4d71-afa2-ec74641913e7",
              "isHook": false,
              "skipped": false
            },
            {
              "title": "Credit Report purchase, repurchase and view",
              "fullTitle": "Regression suite Credit Report purchase, repurchase and view",
              "timedOut": null,
              "duration": 92973,
              "state": "passed",
              "speed": "slow",
              "pass": true,
              "fail": false,
              "pending": false,
              "context": null,
              "code": "const cr = new _CheckitCreditReports.default();\ncr.CreditReport(\"TWININGS BIDCO LIMITED\");\ncr.Repurchase(\"TWININGS BIDCO LIMITED\");\ncr.ViewCreditReport(\"TWININGS BIDCO LIMITED\");",
              "err": {},
              "uuid": "2f7b6a01-0bd6-45ab-a87b-5bb2af9511c8",
              "parentUUID": "57a0ac6c-d1e8-4d71-afa2-ec74641913e7",
              "isHook": false,
              "skipped": false
            },
            {
              "title": "Check Dashboard",
              "fullTitle": "Regression suite Check Dashboard",
              "timedOut": null,
              "duration": 37083,
              "state": "failed",
              "speed": null,
              "pass": false,
              "fail": true,
              "pending": false,
              "context": "{\n  \"title\": \"cypress-mochawesome-reporter-screenshots\",\n  \"value\": [\n    [\n      {\n        \"title\": \"Failed screenshot\",\n        \"value\": \"\\\\Regressionsuite.cy.js\\\\Regression suite -- Check Dashboard (failed).png\"\n      }\n    ]\n  ]\n}",
              "code": "const CD = new _CheckItDashboard.default();\nCD.Dashboard();\nCD.CreditMonitoring();\nCD.CreditReports();\nCD.UnsecuredCreditors();\nCD.GazetteNotices();",
              "err": {
                "message": "AssertionError: Timed out retrying after 4000ms: Expected to find element: `//*[@id=\"creditReportMonitoringList\"]/div/app-list/app-table/div/div[5]/div[3]/a`, but never found it.",
                "estack": "AssertionError: Timed out retrying after 4000ms: Expected to find element: `//*[@id=\"creditReportMonitoringList\"]/div/app-list/app-table/div/div[5]/div[3]/a`, but never found it.\n    at CheckitDashboard.CreditMonitoring (webpack:///./cypress/e2e/PageObjects/Check-itDashboard.cy.js:26:9)\n    at Context.eval (webpack:///./cypress/e2e/TestCases/Regressionsuite.cy.js:80:5)",
                "diff": null
              },
              "uuid": "0eb92a05-30de-46d3-87c4-3d9a790c8bf1",
              "parentUUID": "57a0ac6c-d1e8-4d71-afa2-ec74641913e7",
              "isHook": false,
              "skipped": false
            },
            {
              "title": "companies house",
              "fullTitle": "Regression suite companies house",
              "timedOut": null,
              "duration": 41603,
              "state": "failed",
              "speed": null,
              "pass": false,
              "fail": true,
              "pending": false,
              "context": "{\n  \"title\": \"cypress-mochawesome-reporter-screenshots\",\n  \"value\": [\n    [\n      {\n        \"title\": \"Failed screenshot\",\n        \"value\": \"\\\\Regressionsuite.cy.js\\\\Regression suite -- companies house (failed).png\"\n      }\n    ]\n  ]\n}",
              "code": "const co = new _CheckitCompanieshouse.default();\nco.comphouse(\"SALTMARSH LIMITED\");",
              "err": {
                "message": "AssertionError: Timed out retrying after 4000ms: Expected to find element: `#companiesHouseListTable > app-list > app-table > div > div:nth-child(3) > div.field_url.flex-row.ng-star-inserted > a`, but never found it.",
                "estack": "AssertionError: Timed out retrying after 4000ms: Expected to find element: `#companiesHouseListTable > app-list > app-table > div > div:nth-child(3) > div.field_url.flex-row.ng-star-inserted > a`, but never found it.\n    at companieshouse.comphouse (webpack:///./cypress/e2e/PageObjects/CheckitCompanieshouse.cy.js:27:11)\n    at Context.eval (webpack:///./cypress/e2e/TestCases/Regressionsuite.cy.js:90:5)",
                "diff": null
              },
              "uuid": "6647d6b4-99af-48a8-aaee-32a737298041",
              "parentUUID": "57a0ac6c-d1e8-4d71-afa2-ec74641913e7",
              "isHook": false,
              "skipped": false
            },
            {
              "title": " monitoring",
              "fullTitle": "Regression suite  monitoring",
              "timedOut": null,
              "duration": 373,
              "state": "failed",
              "speed": null,
              "pass": false,
              "fail": true,
              "pending": false,
              "context": "{\n  \"title\": \"cypress-mochawesome-reporter-screenshots\",\n  \"value\": [\n    [\n      {\n        \"title\": \"Failed screenshot\",\n        \"value\": \"\\\\Regressionsuite.cy.js\\\\Regression suite --  monitoring (failed).png\"\n      },\n      {\n        \"title\": \"Failed screenshot\",\n        \"value\": \"\\\\Regressionsuite.cy.js\\\\Regression suite --  monitoring -- after each hook (failed).png\"\n      }\n    ]\n  ]\n}",
              "code": "const cm = new _CheckitCreditMonitoring.default();\ncm.monitoring(\"LEW PLUMBING LTD\");",
              "err": {
                "message": "CypressError: `cy.click()` failed because it requires a DOM element.\n\nNo elements in the current DOM matched your query:\n\n  > cy.get(#container > app-navigation-bar > header.noParentItem.logoutLink > h2)\n\nBecause this error occurred during a `after each` hook we are skipping the remaining tests in the current suite: `Regression suite`",
                "estack": "CypressError: `cy.click()` failed because it requires a DOM element.\n\nNo elements in the current DOM matched your query:\n\n  > cy.get(#container > app-navigation-bar > header.noParentItem.logoutLink > h2)\n\nBecause this error occurred during a `after each` hook we are skipping the remaining tests in the current suite: `Regression suite`\n    at isElement (https://test.know-it.co.uk/__cypress/runner/cypress_runner.js:157199:70)\n    at validateType (https://test.know-it.co.uk/__cypress/runner/cypress_runner.js:157038:14)\n    at Object.isType (https://test.know-it.co.uk/__cypress/runner/cypress_runner.js:157073:7)\n    at $Cy.pushSubject (https://test.know-it.co.uk/__cypress/runner/cypress_runner.js:156764:22)\n    at wrapped (https://test.know-it.co.uk/__cypress/runner/cypress_runner.js:156313:19)\nFrom Your Spec Code:\n    at Context.eval (webpack:///./cypress/support/commands.js:42:85)",
                "diff": null
              },
              "uuid": "937355e5-3567-4122-a531-39277ca552d3",
              "parentUUID": "57a0ac6c-d1e8-4d71-afa2-ec74641913e7",
              "isHook": false,
              "skipped": false
            },
            {
              "title": "unsecured Creditors",
              "fullTitle": "Regression suite unsecured Creditors",
              "timedOut": null,
              "duration": 0,
              "state": "skipped",
              "speed": null,
              "pass": false,
              "fail": false,
              "pending": false,
              "context": null,
              "code": "const un = new _CheckitUnsecuredcreditors.default();\nun.useccreditors(\"ZONIN UK LIMITED\");",
              "err": {},
              "uuid": "e2e06a35-88d7-4ba0-8916-ffca2729b9dd",
              "parentUUID": "57a0ac6c-d1e8-4d71-afa2-ec74641913e7",
              "isHook": false,
              "skipped": true
            },
            {
              "title": "notices",
              "fullTitle": "Regression suite notices",
              "timedOut": null,
              "duration": 0,
              "state": "skipped",
              "speed": null,
              "pass": false,
              "fail": false,
              "pending": false,
              "context": null,
              "code": "const nt = new _CheckitNotices.default();\nnt.notices(\"J E LORD & CO LIMITED\");",
              "err": {},
              "uuid": "ac1465c6-72e4-438a-8392-18003b8df47e",
              "parentUUID": "57a0ac6c-d1e8-4d71-afa2-ec74641913e7",
              "isHook": false,
              "skipped": true
            },
            {
              "title": " Credit monitoring",
              "fullTitle": "Regression suite  Credit monitoring",
              "timedOut": null,
              "duration": 0,
              "state": "skipped",
              "speed": null,
              "pass": false,
              "fail": false,
              "pending": false,
              "context": null,
              "code": "const cm = new _CheckitCreditMonitoring.default();\ncm.monitoring(\"LEW PLUMBING LTD\");\ncy.logout();",
              "err": {},
              "uuid": "dfe28480-2a4e-4472-9157-7b1a96a5c264",
              "parentUUID": "57a0ac6c-d1e8-4d71-afa2-ec74641913e7",
              "isHook": false,
              "skipped": true
            },
            {
              "title": "chaseit dashboard",
              "fullTitle": "Regression suite chaseit dashboard",
              "timedOut": null,
              "duration": 0,
              "state": "skipped",
              "speed": null,
              "pass": false,
              "fail": false,
              "pending": false,
              "context": null,
              "code": "const ch = new _ChaseItDashboard.default();\nch.Dashboard();\nch.Verifycelldata();\nch.Checkcelldata();\nch.AgedDebtor();\ncy.logout();",
              "err": {},
              "uuid": "552af591-b2ee-4a6d-95a3-a8c023a16cbc",
              "parentUUID": "57a0ac6c-d1e8-4d71-afa2-ec74641913e7",
              "isHook": false,
              "skipped": true
            },
            {
              "title": "Invoices",
              "fullTitle": "Regression suite Invoices",
              "timedOut": null,
              "duration": 0,
              "state": "skipped",
              "speed": null,
              "pass": false,
              "fail": false,
              "pending": false,
              "context": null,
              "code": "const ci = new _ChaseitInvoice.default();\nci.Invoices();\nci.OutstandingInvoices();\nci.SendNow();\nci.ExpectedPayments();\nci.Notes(\"Testers test note fae testing\");",
              "err": {},
              "uuid": "33f99638-533e-43e4-a9ed-f52e3c065b57",
              "parentUUID": "57a0ac6c-d1e8-4d71-afa2-ec74641913e7",
              "isHook": false,
              "skipped": true
            },
            {
              "title": "Your Schedule",
              "fullTitle": "Regression suite Your Schedule",
              "timedOut": null,
              "duration": 0,
              "state": "skipped",
              "speed": null,
              "pass": false,
              "fail": false,
              "pending": false,
              "context": null,
              "code": "const sch = new _ChaseitYourSchedule.default();\nsch.SelectLedger();\nsch.Reminder(15, 30);\nsch.InitialChase();\nsch.Befordue(8);\nsch.Overdue1(8);\nsch.Overdue2(15);",
              "err": {},
              "uuid": "90e548ba-a5d8-4974-96c9-c0aba6b33d38",
              "parentUUID": "57a0ac6c-d1e8-4d71-afa2-ec74641913e7",
              "isHook": false,
              "skipped": true
            },
            {
              "title": "settings",
              "fullTitle": "Regression suite settings",
              "timedOut": null,
              "duration": 0,
              "state": "skipped",
              "speed": null,
              "pass": false,
              "fail": false,
              "pending": false,
              "context": null,
              "code": "const set = new _ChaseitSettings.default();\nset.Settings();\nset.SelectLedger();\nset.Letter(\"pink Floyd Ltd\", \"1236545\", \"55 test avenue\", \"Tester's test\", \"Test toon\", \"Test county\", \"TS8 6JJ\");\nset.changeemailsettings;",
              "err": {},
              "uuid": "18af771e-fbc2-459d-bfdf-3615ef12e82c",
              "parentUUID": "57a0ac6c-d1e8-4d71-afa2-ec74641913e7",
              "isHook": false,
              "skipped": true
            },
            {
              "title": "chase templates",
              "fullTitle": "Regression suite chase templates",
              "timedOut": null,
              "duration": 0,
              "state": "skipped",
              "speed": null,
              "pass": false,
              "fail": false,
              "pending": false,
              "context": null,
              "code": "const ct = new _ChaseitTemplates.default();\nct.EditSchedule();\nct.EmailTemplates(\"Test template-525\", \"Test Subject single\", \"Single email test message\", \"Test subject multi\", \"Multiple email test message\");\nct.LetterTemplates(\"Lt temp-10\");\nct.SMSTemplates(\"Sms temp-11\");",
              "err": {},
              "uuid": "459daf68-31e9-4ed9-9e6c-2a21c7142344",
              "parentUUID": "57a0ac6c-d1e8-4d71-afa2-ec74641913e7",
              "isHook": false,
              "skipped": true
            },
            {
              "title": "cases",
              "fullTitle": "Regression suite cases",
              "timedOut": null,
              "duration": 0,
              "state": "skipped",
              "speed": null,
              "pass": false,
              "fail": false,
              "pending": false,
              "context": null,
              "code": "const cs = new _CollectitCases.default();\ncs.cases(\" DIISR - Small Business Services\");",
              "err": {},
              "uuid": "76226a8e-8cc7-403e-bb9d-df23b6ef892e",
              "parentUUID": "57a0ac6c-d1e8-4d71-afa2-ec74641913e7",
              "isHook": false,
              "skipped": true
            },
            {
              "title": "Ledger license and add ledger",
              "fullTitle": "Regression suite Ledger license and add ledger",
              "timedOut": null,
              "duration": 0,
              "state": "skipped",
              "speed": null,
              "pass": false,
              "fail": false,
              "pending": false,
              "context": null,
              "code": "const ld = new _Integration.default();\nld.AddLedgerLicence();\nld.AddNewQBLedger(); // ld.AddNewXeroLedger ()\n// ld.CsvUpload ()",
              "err": {},
              "uuid": "0f5e3ec3-48bc-4f06-a6c1-73b91de9f198",
              "parentUUID": "57a0ac6c-d1e8-4d71-afa2-ec74641913e7",
              "isHook": false,
              "skipped": true
            },
            {
              "title": "Markeptplace credit purchase",
              "fullTitle": "Regression suite Markeptplace credit purchase",
              "timedOut": null,
              "duration": 0,
              "state": "skipped",
              "speed": null,
              "pass": false,
              "fail": false,
              "pending": false,
              "context": null,
              "code": "const mt = new _Marketplace.default();\nmt.Marketp(); // mt.Payment ()",
              "err": {},
              "uuid": "0ad94242-5513-4019-a82a-446a18758dc3",
              "parentUUID": "57a0ac6c-d1e8-4d71-afa2-ec74641913e7",
              "isHook": false,
              "skipped": true
            },
            {
              "title": "Accounts and password",
              "fullTitle": "Regression suite Accounts and password",
              "timedOut": null,
              "duration": 0,
              "state": "skipped",
              "speed": null,
              "pass": false,
              "fail": false,
              "pending": false,
              "context": null,
              "code": "const ma = new _MyAccounts.default();\nma.Accounts(\"account2023-16@test.com\", \"James\", \"Jones\", \"0236589778\");\nma.ChangePassword(\"Kit@12345678\", \"Kit@12345678\", \"Kit@12345678\");",
              "err": {},
              "uuid": "e080fd06-eaa2-4703-bb58-c72e6109f17b",
              "parentUUID": "57a0ac6c-d1e8-4d71-afa2-ec74641913e7",
              "isHook": false,
              "skipped": true
            },
            {
              "title": "Credit Monitoring purchase on a free plan",
              "fullTitle": "Regression suite Credit Monitoring purchase on a free plan",
              "timedOut": null,
              "duration": 0,
              "state": "skipped",
              "speed": null,
              "pass": false,
              "fail": false,
              "pending": false,
              "context": null,
              "code": "const su = new _FreePlan.default(); //su.Createsubscription ()\n//su.ConnectLedger ()\nsu.CheckitDashboard();",
              "err": {},
              "uuid": "21496744-c960-4fb8-873a-ebfc31b1c2eb",
              "parentUUID": "57a0ac6c-d1e8-4d71-afa2-ec74641913e7",
              "isHook": false,
              "skipped": true
            },
            {
              "title": "Users",
              "fullTitle": "Regression suite Users",
              "timedOut": null,
              "duration": 0,
              "state": "skipped",
              "speed": null,
              "pass": false,
              "fail": false,
              "pending": false,
              "context": null,
              "code": "const usr = new _Users.default();\nusr.AddUserLicence();\nusr.AddUser(\"James\", \"Smithson\", \"account2023-2@test.com\");",
              "err": {},
              "uuid": "a6f4df69-90cb-41c8-a86d-fce83f443deb",
              "parentUUID": "57a0ac6c-d1e8-4d71-afa2-ec74641913e7",
              "isHook": false,
              "skipped": true
            }
          ],
          "suites": [],
          "passes": [
            "efa7e5aa-03e2-403c-b945-71ff58da7055",
            "2f7b6a01-0bd6-45ab-a87b-5bb2af9511c8"
          ],
          "failures": [
            "b7d90a04-7d24-4d4c-8b49-7b81176c0c14",
            "0eb92a05-30de-46d3-87c4-3d9a790c8bf1",
            "6647d6b4-99af-48a8-aaee-32a737298041",
            "937355e5-3567-4122-a531-39277ca552d3"
          ],
          "pending": [],
          "skipped": [
            "e2e06a35-88d7-4ba0-8916-ffca2729b9dd",
            "ac1465c6-72e4-438a-8392-18003b8df47e",
            "dfe28480-2a4e-4472-9157-7b1a96a5c264",
            "552af591-b2ee-4a6d-95a3-a8c023a16cbc",
            "33f99638-533e-43e4-a9ed-f52e3c065b57",
            "90e548ba-a5d8-4974-96c9-c0aba6b33d38",
            "18af771e-fbc2-459d-bfdf-3615ef12e82c",
            "459daf68-31e9-4ed9-9e6c-2a21c7142344",
            "76226a8e-8cc7-403e-bb9d-df23b6ef892e",
            "0f5e3ec3-48bc-4f06-a6c1-73b91de9f198",
            "0ad94242-5513-4019-a82a-446a18758dc3",
            "e080fd06-eaa2-4703-bb58-c72e6109f17b",
            "21496744-c960-4fb8-873a-ebfc31b1c2eb",
            "a6f4df69-90cb-41c8-a86d-fce83f443deb"
          ],
          "duration": 440215,
          "root": false,
          "rootEmpty": false,
          "_timeout": 2000
        }
      ],
      "passes": [],
      "failures": [],
      "pending": [],
      "skipped": [],
      "duration": 0,
      "root": true,
      "rootEmpty": true,
      "_timeout": 2000
    }
  ],
  "meta": {
    "mocha": {
      "version": "7.0.1"
    },
    "mochawesome": {
      "options": {
        "quiet": false,
        "reportFilename": "mochawesome",
        "saveHtml": true,
        "saveJson": true,
        "consoleReporter": "spec",
        "useInlineDiffs": false,
        "code": true
      },
      "version": "7.1.3"
    },
    "marge": {
      "options": {
        "reportDir": "cypress/reports",
        "charts": true,
        "reportPageTitle": "My Test Suite",
        "embeddedScreenshots": true,
        "inlineAssets": true
      },
      "version": "6.2.0"
    }
  }
}